<?xml version="1.0" encoding="UTF-8"?>
<!-- Generated by org.testng.reporters.JUnitReportReporter -->
<testsuite hostname="DESKTOP-KRN55RA" failures="0" tests="1" name="login.TestSuite" time="0.389" errors="0" timestamp="2023-09-09T06:52:04 EEST" skipped="0">
  <testcase classname="login.TestSuite" name="login" time="0.389"/>
</testsuite> <!-- login.TestSuite -->
